LET   0
TYPE   7
ID(any)   12
EQ   16
LBRACE   18
ID(any)   19
COLON   23
ID(int)   25
RBRACE   28
VAR   31
ID(buffer)   35
ASSIGN   42
ID(getchar)   45
LPAREN   52
RPAREN   53
FUNCTION   56
ID(readint)   65
LPAREN   72
ID(any)   73
COLON   76
ID(any)   78
RPAREN   81
COLON   83
ID(int)   85
EQ   89
LET   92
VAR   96
ID(i)   100
ASSIGN   102
INT(0)   105
FUNCTION   112
ID(isdigit)   121
LPAREN   128
ID(s)   129
COLON   131
ID(string)   133
RPAREN   139
COLON   141
ID(int)   143
EQ   147
ID(ord)   154
LPAREN   157
ID(s)   158
RPAREN   159
GE   160
ID(ord)   162
LPAREN   165
STRING(0)   166
RPAREN   169
AND   171
ID(ord)   173
LPAREN   176
ID(s)   177
RPAREN   178
LE   179
ID(ord)   181
LPAREN   184
STRING(9)   185
RPAREN   188
FUNCTION   195
ID(skipto)   204
LPAREN   210
RPAREN   211
EQ   213
WHILE   222
ID(buffer)   228
EQ   234
STRING( )   235
OR   239
ID(buffer)   241
EQ   247
STRING(
)   248
DO   262
ID(buffer)   265
ASSIGN   272
ID(getchar)   275
LPAREN   282
RPAREN   283
IN   287
ID(skipto)   290
LPAREN   296
RPAREN   297
SEMICOLON   298
ID(any)   305
DOT   308
ID(any)   309
ASSIGN   313
ID(isdigit)   316
LPAREN   323
ID(buffer)   324
RPAREN   330
SEMICOLON   331
WHILE   338
ID(isdigit)   344
LPAREN   351
ID(buffer)   352
RPAREN   358
DO   367
LPAREN   370
ID(i)   371
ASSIGN   373
ID(i)   376
TIMES   377
INT(10)   378
PLUS   380
ID(ord)   381
LPAREN   384
ID(buffer)   385
RPAREN   391
MINUS   392
ID(ord)   393
LPAREN   396
STRING(0)   397
RPAREN   400
SEMICOLON   401
ID(buffer)   403
ASSIGN   410
ID(getchar)   413
LPAREN   420
RPAREN   421
RPAREN   422
SEMICOLON   423
ID(i)   430
END   433
TYPE   439
ID(list)   444
EQ   449
LBRACE   451
ID(first)   452
COLON   457
ID(int)   459
COMMA   462
ID(rest)   464
COLON   468
ID(list)   470
RBRACE   474
FUNCTION   478
ID(readlist)   487
LPAREN   495
RPAREN   496
COLON   498
ID(list)   500
EQ   505
LET   511
VAR   515
ID(any)   519
ASSIGN   523
ID(any)   526
LBRACE   529
ID(any)   530
EQ   533
INT(0)   534
RBRACE   535
VAR   545
ID(i)   549
ASSIGN   551
ID(readint)   554
LPAREN   561
ID(any)   562
RPAREN   565
IN   572
IF   575
ID(any)   578
DOT   581
ID(any)   582
THEN   595
ID(list)   600
LBRACE   604
ID(first)   605
EQ   610
ID(i)   611
COMMA   612
ID(rest)   613
EQ   617
ID(readlist)   618
LPAREN   626
RPAREN   627
RBRACE   628
ELSE   639
NIL   644
END   652
FUNCTION   658
ID(merge)   667
LPAREN   672
ID(a)   673
COLON   674
ID(list)   676
COMMA   680
ID(b)   682
COLON   683
ID(list)   685
RPAREN   689
COLON   691
ID(list)   693
EQ   698
IF   703
ID(a)   706
EQ   707
NIL   708
THEN   712
ID(b)   717
ELSE   722
IF   727
ID(b)   730
EQ   731
NIL   732
THEN   736
ID(a)   741
ELSE   746
IF   751
ID(a)   754
DOT   755
ID(first)   756
LT   762
ID(b)   764
DOT   765
ID(first)   766
THEN   779
ID(list)   784
LBRACE   788
ID(first)   789
EQ   794
ID(a)   795
DOT   796
ID(first)   797
COMMA   802
ID(rest)   803
EQ   807
ID(merge)   808
LPAREN   813
ID(a)   814
DOT   815
ID(rest)   816
COMMA   820
ID(b)   821
RPAREN   822
RBRACE   823
ELSE   831
ID(list)   836
LBRACE   840
ID(first)   841
EQ   846
ID(b)   847
DOT   848
ID(first)   849
COMMA   854
ID(rest)   855
EQ   859
ID(merge)   860
LPAREN   865
ID(a)   866
COMMA   867
ID(b)   868
DOT   869
ID(rest)   870
RPAREN   874
RBRACE   875
FUNCTION   879
ID(printint)   888
LPAREN   896
ID(i)   897
COLON   898
ID(int)   900
RPAREN   903
EQ   905
LET   909
FUNCTION   913
ID(f)   922
LPAREN   923
ID(i)   924
COLON   925
ID(int)   926
RPAREN   929
EQ   931
IF   933
ID(i)   936
GT   937
INT(0)   938
THEN   947
LPAREN   952
ID(f)   953
LPAREN   954
ID(i)   955
DIVIDE   956
INT(10)   957
RPAREN   959
SEMICOLON   960
ID(print)   962
LPAREN   967
ID(chr)   968
LPAREN   971
ID(i)   972
MINUS   973
ID(i)   974
DIVIDE   975
INT(10)   976
TIMES   978
INT(10)   979
PLUS   981
ID(ord)   982
LPAREN   985
STRING(0)   986
RPAREN   989
RPAREN   990
RPAREN   991
RPAREN   992
IN   997
IF   1000
ID(i)   1003
LT   1004
INT(0)   1005
THEN   1007
LPAREN   1012
ID(print)   1013
LPAREN   1018
STRING(-)   1019
RPAREN   1022
SEMICOLON   1023
ID(f)   1025
LPAREN   1026
MINUS   1027
ID(i)   1028
RPAREN   1029
RPAREN   1030
ELSE   1038
IF   1043
ID(i)   1046
GT   1047
INT(0)   1048
THEN   1050
ID(f)   1055
LPAREN   1056
ID(i)   1057
RPAREN   1058
ELSE   1066
ID(print)   1071
LPAREN   1076
STRING(0)   1077
RPAREN   1080
END   1084
FUNCTION   1090
ID(printlist)   1099
LPAREN   1108
ID(l)   1109
COLON   1110
ID(list)   1112
RPAREN   1116
EQ   1118
IF   1123
ID(l)   1126
EQ   1127
NIL   1128
THEN   1132
ID(print)   1137
LPAREN   1142
STRING(
)   1143
RPAREN   1147
ELSE   1152
LPAREN   1157
ID(printint)   1158
LPAREN   1166
ID(l)   1167
DOT   1168
ID(first)   1169
RPAREN   1174
SEMICOLON   1175
ID(print)   1177
LPAREN   1182
STRING( )   1183
RPAREN   1186
SEMICOLON   1187
ID(printlist)   1189
LPAREN   1198
ID(l)   1199
DOT   1200
ID(rest)   1201
RPAREN   1205
RPAREN   1206
VAR   1212
ID(list1)   1216
ASSIGN   1222
ID(readlist)   1225
LPAREN   1233
RPAREN   1234
VAR   1239
ID(list2)   1243
ASSIGN   1249
LPAREN   1252
ID(buffer)   1253
ASSIGN   1259
ID(getchar)   1261
LPAREN   1268
RPAREN   1269
SEMICOLON   1270
ID(readlist)   1272
LPAREN   1280
RPAREN   1281
RPAREN   1282
IN   1316
ID(printlist)   1319
LPAREN   1328
ID(merge)   1329
LPAREN   1334
ID(list1)   1335
COMMA   1340
ID(list2)   1341
RPAREN   1346
RPAREN   1347
END   1349
EOF   1354
