LET   47
VAR   55
ID(N)   59
ASSIGN   61
INT(8)   64
TYPE   71
ID(intArray)   76
EQ   85
ARRAY   87
OF   93
ID(int)   96
VAR   105
ID(row)   109
ASSIGN   113
ID(intArray)   116
LBRACK   125
ID(N)   127
RBRACK   129
OF   131
INT(0)   134
VAR   140
ID(col)   144
ASSIGN   148
ID(intArray)   151
LBRACK   160
ID(N)   162
RBRACK   164
OF   166
INT(0)   169
VAR   175
ID(diag1)   179
ASSIGN   185
ID(intArray)   188
LBRACK   197
ID(N)   198
PLUS   199
ID(N)   200
MINUS   201
INT(1)   202
RBRACK   203
OF   205
INT(0)   208
VAR   214
ID(diag2)   218
ASSIGN   224
ID(intArray)   227
LBRACK   236
ID(N)   237
PLUS   238
ID(N)   239
MINUS   240
INT(1)   241
RBRACK   242
OF   244
INT(0)   247
FUNCTION   254
ID(printboard)   263
LPAREN   273
RPAREN   274
EQ   276
LPAREN   285
FOR   286
ID(i)   290
ASSIGN   292
INT(0)   295
TO   297
ID(N)   300
MINUS   301
INT(1)   302
DO   306
LPAREN   309
FOR   310
ID(j)   314
ASSIGN   316
INT(0)   319
TO   321
ID(N)   324
MINUS   325
INT(1)   326
DO   336
ID(print)   339
LPAREN   344
IF   345
ID(col)   348
LBRACK   351
ID(i)   352
RBRACK   353
EQ   354
ID(j)   355
THEN   357
STRING( O)   362
ELSE   367
STRING( .)   372
RPAREN   376
SEMICOLON   377
ID(print)   385
LPAREN   390
STRING(
)   391
RPAREN   395
RPAREN   396
SEMICOLON   397
ID(print)   408
LPAREN   413
STRING(
)   414
RPAREN   418
RPAREN   419
FUNCTION   426
ID(try)   435
LPAREN   438
ID(c)   439
COLON   440
ID(int)   441
RPAREN   444
EQ   446
LPAREN   449
IF   514
ID(c)   517
EQ   518
ID(N)   519
THEN   526
ID(printboard)   531
LPAREN   541
RPAREN   542
ELSE   549
FOR   554
ID(r)   558
ASSIGN   560
INT(0)   563
TO   565
ID(N)   568
MINUS   569
INT(1)   570
DO   576
IF   579
ID(row)   582
LBRACK   585
ID(r)   586
RBRACK   587
EQ   588
INT(0)   589
AND   591
ID(diag1)   593
LBRACK   598
ID(r)   599
PLUS   600
ID(c)   601
RBRACK   602
EQ   603
INT(0)   604
AND   606
ID(diag2)   608
LBRACK   613
ID(r)   614
PLUS   615
INT(7)   616
MINUS   617
ID(c)   618
RBRACK   619
EQ   620
INT(0)   621
THEN   635
LPAREN   640
ID(row)   641
LBRACK   644
ID(r)   645
RBRACK   646
ASSIGN   647
INT(1)   649
SEMICOLON   650
ID(diag1)   652
LBRACK   657
ID(r)   658
PLUS   659
ID(c)   660
RBRACK   661
ASSIGN   662
INT(1)   664
SEMICOLON   665
ID(diag2)   667
LBRACK   672
ID(r)   673
PLUS   674
INT(7)   675
MINUS   676
ID(c)   677
RBRACK   678
ASSIGN   679
INT(1)   681
SEMICOLON   682
ID(col)   695
LBRACK   698
ID(c)   699
RBRACK   700
ASSIGN   701
ID(r)   703
SEMICOLON   704
ID(try)   724
LPAREN   727
ID(c)   728
PLUS   729
INT(1)   730
RPAREN   731
SEMICOLON   732
ID(row)   738
LBRACK   741
ID(r)   742
RBRACK   743
ASSIGN   744
INT(0)   746
SEMICOLON   747
ID(diag1)   749
LBRACK   754
ID(r)   755
PLUS   756
ID(c)   757
RBRACK   758
ASSIGN   759
INT(0)   761
SEMICOLON   762
ID(diag2)   764
LBRACK   769
ID(r)   770
PLUS   771
INT(7)   772
MINUS   773
ID(c)   774
RBRACK   775
ASSIGN   776
INT(0)   778
RPAREN   779
RPAREN   782
IN   785
ID(try)   788
LPAREN   791
INT(0)   792
RPAREN   793
END   795
EOF   801
